<?xml version="1.0" encoding="UTF-8"?>
<testsuite name="com.p2AE.pdf.controller.HelloControllerTest" tests="1" skipped="0" failures="0" errors="0" timestamp="2022-10-14T15:56:34" hostname="airJ.local" time="0.246">
  <properties/>
  <testcase name="test()" classname="com.p2AE.pdf.controller.HelloControllerTest" time="0.246"/>
  <system-out><![CDATA[00:56:20.306 [Test worker] DEBUG org.springframework.test.context.BootstrapUtils - Instantiating CacheAwareContextLoaderDelegate from class [org.springframework.test.context.cache.DefaultCacheAwareContextLoaderDelegate]
00:56:20.332 [Test worker] DEBUG org.springframework.test.context.BootstrapUtils - Instantiating BootstrapContext using constructor [public org.springframework.test.context.support.DefaultBootstrapContext(java.lang.Class,org.springframework.test.context.CacheAwareContextLoaderDelegate)]
00:56:20.414 [Test worker] DEBUG org.springframework.test.context.BootstrapUtils - Instantiating TestContextBootstrapper for test class [com.p2AE.pdf.controller.HelloControllerTest] from class [org.springframework.boot.test.context.SpringBootTestContextBootstrapper]
00:56:20.428 [Test worker] INFO org.springframework.boot.test.context.SpringBootTestContextBootstrapper - Neither @ContextConfiguration nor @ContextHierarchy found for test class [com.p2AE.pdf.controller.HelloControllerTest], using SpringBootContextLoader
00:56:20.435 [Test worker] DEBUG org.springframework.test.context.support.AbstractContextLoader - Did not detect default resource location for test class [com.p2AE.pdf.controller.HelloControllerTest]: class path resource [com/p2AE/pdf/controller/HelloControllerTest-context.xml] does not exist
00:56:20.436 [Test worker] DEBUG org.springframework.test.context.support.AbstractContextLoader - Did not detect default resource location for test class [com.p2AE.pdf.controller.HelloControllerTest]: class path resource [com/p2AE/pdf/controller/HelloControllerTestContext.groovy] does not exist
00:56:20.437 [Test worker] INFO org.springframework.test.context.support.AbstractContextLoader - Could not detect default resource locations for test class [com.p2AE.pdf.controller.HelloControllerTest]: no resource found for suffixes {-context.xml, Context.groovy}.
00:56:20.439 [Test worker] INFO org.springframework.test.context.support.AnnotationConfigContextLoaderUtils - Could not detect default configuration classes for test class [com.p2AE.pdf.controller.HelloControllerTest]: HelloControllerTest does not declare any static, non-private, non-final, nested classes annotated with @Configuration.
00:56:20.506 [Test worker] DEBUG org.springframework.test.context.support.ActiveProfilesUtils - Could not find an 'annotation declaring class' for annotation type [org.springframework.test.context.ActiveProfiles] and class [com.p2AE.pdf.controller.HelloControllerTest]
00:56:20.643 [Test worker] DEBUG org.springframework.context.annotation.ClassPathScanningCandidateComponentProvider - Identified candidate component class: file [/Users/choejong-geun/Spring/intFolio/server/build/classes/java/main/com/p2AE/pdf/PdfApplication.class]
00:56:20.646 [Test worker] INFO org.springframework.boot.test.context.SpringBootTestContextBootstrapper - Found @SpringBootConfiguration com.p2AE.pdf.PdfApplication for test class com.p2AE.pdf.controller.HelloControllerTest
00:56:20.810 [Test worker] DEBUG org.springframework.boot.test.context.SpringBootTestContextBootstrapper - @TestExecutionListeners is not present for class [com.p2AE.pdf.controller.HelloControllerTest]: using defaults.
00:56:20.811 [Test worker] INFO org.springframework.boot.test.context.SpringBootTestContextBootstrapper - Loaded default TestExecutionListener class names from location [META-INF/spring.factories]: [org.springframework.boot.test.autoconfigure.restdocs.RestDocsTestExecutionListener, org.springframework.boot.test.autoconfigure.web.client.MockRestServiceServerResetTestExecutionListener, org.springframework.boot.test.autoconfigure.web.servlet.MockMvcPrintOnlyOnFailureTestExecutionListener, org.springframework.boot.test.autoconfigure.web.servlet.WebDriverTestExecutionListener, org.springframework.boot.test.autoconfigure.webservices.client.MockWebServiceServerTestExecutionListener, org.springframework.boot.test.mock.mockito.MockitoTestExecutionListener, org.springframework.boot.test.mock.mockito.ResetMocksTestExecutionListener, org.springframework.test.context.web.ServletTestExecutionListener, org.springframework.test.context.support.DirtiesContextBeforeModesTestExecutionListener, org.springframework.test.context.event.ApplicationEventsTestExecutionListener, org.springframework.test.context.support.DependencyInjectionTestExecutionListener, org.springframework.test.context.support.DirtiesContextTestExecutionListener, org.springframework.test.context.transaction.TransactionalTestExecutionListener, org.springframework.test.context.jdbc.SqlScriptsTestExecutionListener, org.springframework.test.context.event.EventPublishingTestExecutionListener]
00:56:20.856 [Test worker] INFO org.springframework.boot.test.context.SpringBootTestContextBootstrapper - Using TestExecutionListeners: [org.springframework.test.context.web.ServletTestExecutionListener@160c3ec1, org.springframework.test.context.support.DirtiesContextBeforeModesTestExecutionListener@182b435b, org.springframework.test.context.event.ApplicationEventsTestExecutionListener@4d0402b, org.springframework.boot.test.mock.mockito.MockitoTestExecutionListener@2fa7ae9, org.springframework.boot.test.autoconfigure.SpringBootDependencyInjectionTestExecutionListener@7577b641, org.springframework.test.context.support.DirtiesContextTestExecutionListener@3704122f, org.springframework.test.context.transaction.TransactionalTestExecutionListener@3153ddfc, org.springframework.test.context.jdbc.SqlScriptsTestExecutionListener@60afd40d, org.springframework.test.context.event.EventPublishingTestExecutionListener@28a2a3e7, org.springframework.boot.test.autoconfigure.restdocs.RestDocsTestExecutionListener@3f2049b6, org.springframework.boot.test.autoconfigure.web.client.MockRestServiceServerResetTestExecutionListener@10b3df93, org.springframework.boot.test.autoconfigure.web.servlet.MockMvcPrintOnlyOnFailureTestExecutionListener@ea27e34, org.springframework.boot.test.autoconfigure.web.servlet.WebDriverTestExecutionListener@33a2499c, org.springframework.boot.test.autoconfigure.webservices.client.MockWebServiceServerTestExecutionListener@e72dba7, org.springframework.boot.test.mock.mockito.ResetMocksTestExecutionListener@33c2bd]
00:56:20.865 [Test worker] DEBUG org.springframework.test.context.support.AbstractDirtiesContextTestExecutionListener - Before test class: context [DefaultTestContext@42deb43a testClass = HelloControllerTest, testInstance = [null], testMethod = [null], testException = [null], mergedContextConfiguration = [WebMergedContextConfiguration@1deb2c43 testClass = HelloControllerTest, locations = '{}', classes = '{class com.p2AE.pdf.PdfApplication}', contextInitializerClasses = '[]', activeProfiles = '{}', propertySourceLocations = '{}', propertySourceProperties = '{org.springframework.boot.test.context.SpringBootTestContextBootstrapper=true}', contextCustomizers = set[org.springframework.boot.test.autoconfigure.actuate.metrics.MetricsExportContextCustomizerFactory$DisableMetricExportContextCustomizer@29df4d43, org.springframework.boot.test.autoconfigure.properties.PropertyMappingContextCustomizer@0, org.springframework.boot.test.autoconfigure.web.servlet.WebDriverContextCustomizerFactory$Customizer@163d04ff, org.springframework.boot.test.context.filter.ExcludeFilterContextCustomizer@788fcafb, org.springframework.boot.test.json.DuplicateJsonObjectContextCustomizerFactory$DuplicateJsonObjectContextCustomizer@2fc0cc3, org.springframework.boot.test.mock.mockito.MockitoContextCustomizer@0, org.springframework.boot.test.web.client.TestRestTemplateContextCustomizer@10993713, org.springframework.boot.test.context.SpringBootTestArgs@1, org.springframework.boot.test.context.SpringBootTestWebEnvironment@4bff7da0], resourceBasePath = 'src/main/webapp', contextLoader = 'org.springframework.boot.test.context.SpringBootContextLoader', parent = [null]], attributes = map['org.springframework.test.context.web.ServletTestExecutionListener.activateListener' -> true]], class annotated with @DirtiesContext [false] with mode [null].

  .   ____          _            __ _ _
 /\\ / ___'_ __ _ _(_)_ __  __ _ \ \ \ \
( ( )\___ | '_ | '_| | '_ \/ _` | \ \ \ \
 \\/  ___)| |_)| | | | | || (_| |  ) ) ) )
  '  |____| .__|_| |_|_| |_\__, | / / / /
 =========|_|==============|___/=/_/_/_/
 :: Spring Boot ::                (v2.7.3)

2022-10-15 00:56:22.229  INFO 49735 --- [    Test worker] c.p.pdf.controller.HelloControllerTest   : Starting HelloControllerTest using Java 11.0.13 on airJ.local with PID 49735 (started by choejong-geun in /Users/choejong-geun/Spring/intFolio/server)
2022-10-15 00:56:22.232  INFO 49735 --- [    Test worker] c.p.pdf.controller.HelloControllerTest   : The following 1 profile is active: "oauth"
2022-10-15 00:56:25.522  INFO 49735 --- [    Test worker] .s.d.r.c.RepositoryConfigurationDelegate : Bootstrapping Spring Data JPA repositories in DEFAULT mode.
2022-10-15 00:56:25.608  INFO 49735 --- [    Test worker] .s.d.r.c.RepositoryConfigurationDelegate : Finished Spring Data repository scanning in 76 ms. Found 1 JPA repository interfaces.
2022-10-15 00:56:26.650  INFO 49735 --- [    Test worker] o.hibernate.jpa.internal.util.LogHelper  : HHH000204: Processing PersistenceUnitInfo [name: default]
2022-10-15 00:56:26.715  INFO 49735 --- [    Test worker] org.hibernate.Version                    : HHH000412: Hibernate ORM core version 5.6.10.Final
2022-10-15 00:56:26.914  INFO 49735 --- [    Test worker] o.hibernate.annotations.common.Version   : HCANN000001: Hibernate Commons Annotations {5.1.2.Final}
2022-10-15 00:56:26.940 DEBUG 49735 --- [    Test worker] org.hibernate.type.BasicTypeRegistry     : Adding type registration boolean -> org.hibernate.type.BooleanType@50df37eb
2022-10-15 00:56:26.941 DEBUG 49735 --- [    Test worker] org.hibernate.type.BasicTypeRegistry     : Adding type registration boolean -> org.hibernate.type.BooleanType@50df37eb
2022-10-15 00:56:26.941 DEBUG 49735 --- [    Test worker] org.hibernate.type.BasicTypeRegistry     : Adding type registration java.lang.Boolean -> org.hibernate.type.BooleanType@50df37eb
2022-10-15 00:56:26.941 DEBUG 49735 --- [    Test worker] org.hibernate.type.BasicTypeRegistry     : Adding type registration numeric_boolean -> org.hibernate.type.NumericBooleanType@8bc0696
2022-10-15 00:56:26.942 DEBUG 49735 --- [    Test worker] org.hibernate.type.BasicTypeRegistry     : Adding type registration true_false -> org.hibernate.type.TrueFalseType@467af68c
2022-10-15 00:56:26.942 DEBUG 49735 --- [    Test worker] org.hibernate.type.BasicTypeRegistry     : Adding type registration yes_no -> org.hibernate.type.YesNoType@74b97416
2022-10-15 00:56:26.943 DEBUG 49735 --- [    Test worker] org.hibernate.type.BasicTypeRegistry     : Adding type registration byte -> org.hibernate.type.ByteType@2e3cd732
2022-10-15 00:56:26.943 DEBUG 49735 --- [    Test worker] org.hibernate.type.BasicTypeRegistry     : Adding type registration byte -> org.hibernate.type.ByteType@2e3cd732
2022-10-15 00:56:26.943 DEBUG 49735 --- [    Test worker] org.hibernate.type.BasicTypeRegistry     : Adding type registration java.lang.Byte -> org.hibernate.type.ByteType@2e3cd732
2022-10-15 00:56:26.944 DEBUG 49735 --- [    Test worker] org.hibernate.type.BasicTypeRegistry     : Adding type registration character -> org.hibernate.type.CharacterType@d3cce46
2022-10-15 00:56:26.944 DEBUG 49735 --- [    Test worker] org.hibernate.type.BasicTypeRegistry     : Adding type registration char -> org.hibernate.type.CharacterType@d3cce46
2022-10-15 00:56:26.944 DEBUG 49735 --- [    Test worker] org.hibernate.type.BasicTypeRegistry     : Adding type registration java.lang.Character -> org.hibernate.type.CharacterType@d3cce46
2022-10-15 00:56:26.945 DEBUG 49735 --- [    Test worker] org.hibernate.type.BasicTypeRegistry     : Adding type registration short -> org.hibernate.type.ShortType@3d3930fe
2022-10-15 00:56:26.946 DEBUG 49735 --- [    Test worker] org.hibernate.type.BasicTypeRegistry     : Adding type registration short -> org.hibernate.type.ShortType@3d3930fe
2022-10-15 00:56:26.947 DEBUG 49735 --- [    Test worker] org.hibernate.type.BasicTypeRegistry     : Adding type registration java.lang.Short -> org.hibernate.type.ShortType@3d3930fe
2022-10-15 00:56:26.948 DEBUG 49735 --- [    Test worker] org.hibernate.type.BasicTypeRegistry     : Adding type registration integer -> org.hibernate.type.IntegerType@b5de9ac
2022-10-15 00:56:26.949 DEBUG 49735 --- [    Test worker] org.hibernate.type.BasicTypeRegistry     : Adding type registration int -> org.hibernate.type.IntegerType@b5de9ac
2022-10-15 00:56:26.949 DEBUG 49735 --- [    Test worker] org.hibernate.type.BasicTypeRegistry     : Adding type registration java.lang.Integer -> org.hibernate.type.IntegerType@b5de9ac
2022-10-15 00:56:26.950 DEBUG 49735 --- [    Test worker] org.hibernate.type.BasicTypeRegistry     : Adding type registration long -> org.hibernate.type.LongType@7bbdb220
2022-10-15 00:56:26.950 DEBUG 49735 --- [    Test worker] org.hibernate.type.BasicTypeRegistry     : Adding type registration long -> org.hibernate.type.LongType@7bbdb220
2022-10-15 00:56:26.950 DEBUG 49735 --- [    Test worker] org.hibernate.type.BasicTypeRegistry     : Adding type registration java.lang.Long -> org.hibernate.type.LongType@7bbdb220
2022-10-15 00:56:26.951 DEBUG 49735 --- [    Test worker] org.hibernate.type.BasicTypeRegistry     : Adding type registration float -> org.hibernate.type.FloatType@5df64b2a
2022-10-15 00:56:26.951 DEBUG 49735 --- [    Test worker] org.hibernate.type.BasicTypeRegistry     : Adding type registration float -> org.hibernate.type.FloatType@5df64b2a
2022-10-15 00:56:26.951 DEBUG 49735 --- [    Test worker] org.hibernate.type.BasicTypeRegistry     : Adding type registration java.lang.Float -> org.hibernate.type.FloatType@5df64b2a
2022-10-15 00:56:26.952 DEBUG 49735 --- [    Test worker] org.hibernate.type.BasicTypeRegistry     : Adding type registration double -> org.hibernate.type.DoubleType@4a9bce99
2022-10-15 00:56:26.952 DEBUG 49735 --- [    Test worker] org.hibernate.type.BasicTypeRegistry     : Adding type registration double -> org.hibernate.type.DoubleType@4a9bce99
2022-10-15 00:56:26.952 DEBUG 49735 --- [    Test worker] org.hibernate.type.BasicTypeRegistry     : Adding type registration java.lang.Double -> org.hibernate.type.DoubleType@4a9bce99
2022-10-15 00:56:26.953 DEBUG 49735 --- [    Test worker] org.hibernate.type.BasicTypeRegistry     : Adding type registration big_decimal -> org.hibernate.type.BigDecimalType@59a2d756
2022-10-15 00:56:26.953 DEBUG 49735 --- [    Test worker] org.hibernate.type.BasicTypeRegistry     : Adding type registration java.math.BigDecimal -> org.hibernate.type.BigDecimalType@59a2d756
2022-10-15 00:56:26.954 DEBUG 49735 --- [    Test worker] org.hibernate.type.BasicTypeRegistry     : Adding type registration big_integer -> org.hibernate.type.BigIntegerType@295b07e0
2022-10-15 00:56:26.955 DEBUG 49735 --- [    Test worker] org.hibernate.type.BasicTypeRegistry     : Adding type registration java.math.BigInteger -> org.hibernate.type.BigIntegerType@295b07e0
2022-10-15 00:56:26.955 DEBUG 49735 --- [    Test worker] org.hibernate.type.BasicTypeRegistry     : Adding type registration string -> org.hibernate.type.StringType@79604abe
2022-10-15 00:56:26.956 DEBUG 49735 --- [    Test worker] org.hibernate.type.BasicTypeRegistry     : Adding type registration java.lang.String -> org.hibernate.type.StringType@79604abe
2022-10-15 00:56:26.957 DEBUG 49735 --- [    Test worker] org.hibernate.type.BasicTypeRegistry     : Adding type registration nstring -> org.hibernate.type.StringNVarcharType@7e81617a
2022-10-15 00:56:26.957 DEBUG 49735 --- [    Test worker] org.hibernate.type.BasicTypeRegistry     : Adding type registration ncharacter -> org.hibernate.type.CharacterNCharType@31940704
2022-10-15 00:56:26.959 DEBUG 49735 --- [    Test worker] org.hibernate.type.BasicTypeRegistry     : Adding type registration url -> org.hibernate.type.UrlType@77bb916f
2022-10-15 00:56:26.959 DEBUG 49735 --- [    Test worker] org.hibernate.type.BasicTypeRegistry     : Adding type registration java.net.URL -> org.hibernate.type.UrlType@77bb916f
2022-10-15 00:56:26.960 DEBUG 49735 --- [    Test worker] org.hibernate.type.BasicTypeRegistry     : Adding type registration Duration -> org.hibernate.type.DurationType@efe49ab
2022-10-15 00:56:26.961 DEBUG 49735 --- [    Test worker] org.hibernate.type.BasicTypeRegistry     : Adding type registration java.time.Duration -> org.hibernate.type.DurationType@efe49ab
2022-10-15 00:56:26.971 DEBUG 49735 --- [    Test worker] org.hibernate.type.BasicTypeRegistry     : Adding type registration Instant -> org.hibernate.type.InstantType@395281c2
2022-10-15 00:56:26.972 DEBUG 49735 --- [    Test worker] org.hibernate.type.BasicTypeRegistry     : Adding type registration java.time.Instant -> org.hibernate.type.InstantType@395281c2
2022-10-15 00:56:26.973 DEBUG 49735 --- [    Test worker] org.hibernate.type.BasicTypeRegistry     : Adding type registration LocalDateTime -> org.hibernate.type.LocalDateTimeType@7433ca19
2022-10-15 00:56:26.973 DEBUG 49735 --- [    Test worker] org.hibernate.type.BasicTypeRegistry     : Adding type registration java.time.LocalDateTime -> org.hibernate.type.LocalDateTimeType@7433ca19
2022-10-15 00:56:26.974 DEBUG 49735 --- [    Test worker] org.hibernate.type.BasicTypeRegistry     : Adding type registration LocalDate -> org.hibernate.type.LocalDateType@70f4abc1
2022-10-15 00:56:26.974 DEBUG 49735 --- [    Test worker] org.hibernate.type.BasicTypeRegistry     : Adding type registration java.time.LocalDate -> org.hibernate.type.LocalDateType@70f4abc1
2022-10-15 00:56:26.976 DEBUG 49735 --- [    Test worker] org.hibernate.type.BasicTypeRegistry     : Adding type registration LocalTime -> org.hibernate.type.LocalTimeType@71b0289b
2022-10-15 00:56:26.976 DEBUG 49735 --- [    Test worker] org.hibernate.type.BasicTypeRegistry     : Adding type registration java.time.LocalTime -> org.hibernate.type.LocalTimeType@71b0289b
2022-10-15 00:56:26.978 DEBUG 49735 --- [    Test worker] org.hibernate.type.BasicTypeRegistry     : Adding type registration OffsetDateTime -> org.hibernate.type.OffsetDateTimeType@3ef0e576
2022-10-15 00:56:26.978 DEBUG 49735 --- [    Test worker] org.hibernate.type.BasicTypeRegistry     : Adding type registration java.time.OffsetDateTime -> org.hibernate.type.OffsetDateTimeType@3ef0e576
2022-10-15 00:56:26.979 DEBUG 49735 --- [    Test worker] org.hibernate.type.BasicTypeRegistry     : Adding type registration OffsetTime -> org.hibernate.type.OffsetTimeType@7df4709e
2022-10-15 00:56:26.983 DEBUG 49735 --- [    Test worker] org.hibernate.type.BasicTypeRegistry     : Adding type registration java.time.OffsetTime -> org.hibernate.type.OffsetTimeType@7df4709e
2022-10-15 00:56:26.986 DEBUG 49735 --- [    Test worker] org.hibernate.type.BasicTypeRegistry     : Adding type registration ZonedDateTime -> org.hibernate.type.ZonedDateTimeType@141bb6b8
2022-10-15 00:56:26.986 DEBUG 49735 --- [    Test worker] org.hibernate.type.BasicTypeRegistry     : Adding type registration java.time.ZonedDateTime -> org.hibernate.type.ZonedDateTimeType@141bb6b8
2022-10-15 00:56:26.987 DEBUG 49735 --- [    Test worker] org.hibernate.type.BasicTypeRegistry     : Adding type registration date -> org.hibernate.type.DateType@1f26b992
2022-10-15 00:56:26.987 DEBUG 49735 --- [    Test worker] org.hibernate.type.BasicTypeRegistry     : Adding type registration java.sql.Date -> org.hibernate.type.DateType@1f26b992
2022-10-15 00:56:26.989 DEBUG 49735 --- [    Test worker] org.hibernate.type.BasicTypeRegistry     : Adding type registration time -> org.hibernate.type.TimeType@7686f701
2022-10-15 00:56:26.989 DEBUG 49735 --- [    Test worker] org.hibernate.type.BasicTypeRegistry     : Adding type registration java.sql.Time -> org.hibernate.type.TimeType@7686f701
2022-10-15 00:56:26.990 DEBUG 49735 --- [    Test worker] org.hibernate.type.BasicTypeRegistry     : Adding type registration timestamp -> org.hibernate.type.TimestampType@586728e8
2022-10-15 00:56:26.991 DEBUG 49735 --- [    Test worker] org.hibernate.type.BasicTypeRegistry     : Adding type registration java.sql.Timestamp -> org.hibernate.type.TimestampType@586728e8
2022-10-15 00:56:26.991 DEBUG 49735 --- [    Test worker] org.hibernate.type.BasicTypeRegistry     : Adding type registration java.util.Date -> org.hibernate.type.TimestampType@586728e8
2022-10-15 00:56:26.993 DEBUG 49735 --- [    Test worker] org.hibernate.type.BasicTypeRegistry     : Adding type registration dbtimestamp -> org.hibernate.type.DbTimestampType@745926c3
2022-10-15 00:56:26.995 DEBUG 49735 --- [    Test worker] org.hibernate.type.BasicTypeRegistry     : Adding type registration calendar -> org.hibernate.type.CalendarType@4b3ad7ca
2022-10-15 00:56:26.995 DEBUG 49735 --- [    Test worker] org.hibernate.type.BasicTypeRegistry     : Adding type registration java.util.Calendar -> org.hibernate.type.CalendarType@4b3ad7ca
2022-10-15 00:56:26.995 DEBUG 49735 --- [    Test worker] org.hibernate.type.BasicTypeRegistry     : Adding type registration java.util.GregorianCalendar -> org.hibernate.type.CalendarType@4b3ad7ca
2022-10-15 00:56:26.996 DEBUG 49735 --- [    Test worker] org.hibernate.type.BasicTypeRegistry     : Adding type registration calendar_date -> org.hibernate.type.CalendarDateType@4dd1548e
2022-10-15 00:56:26.996 DEBUG 49735 --- [    Test worker] org.hibernate.type.BasicTypeRegistry     : Adding type registration calendar_time -> org.hibernate.type.CalendarTimeType@30798137
2022-10-15 00:56:26.997 DEBUG 49735 --- [    Test worker] org.hibernate.type.BasicTypeRegistry     : Adding type registration locale -> org.hibernate.type.LocaleType@481ed95c
2022-10-15 00:56:26.999 DEBUG 49735 --- [    Test worker] org.hibernate.type.BasicTypeRegistry     : Adding type registration java.util.Locale -> org.hibernate.type.LocaleType@481ed95c
2022-10-15 00:56:27.001 DEBUG 49735 --- [    Test worker] org.hibernate.type.BasicTypeRegistry     : Adding type registration currency -> org.hibernate.type.CurrencyType@4cc26df
2022-10-15 00:56:27.001 DEBUG 49735 --- [    Test worker] org.hibernate.type.BasicTypeRegistry     : Adding type registration java.util.Currency -> org.hibernate.type.CurrencyType@4cc26df
2022-10-15 00:56:27.002 DEBUG 49735 --- [    Test worker] org.hibernate.type.BasicTypeRegistry     : Adding type registration timezone -> org.hibernate.type.TimeZoneType@6e46891d
2022-10-15 00:56:27.003 DEBUG 49735 --- [    Test worker] org.hibernate.type.BasicTypeRegistry     : Adding type registration java.util.TimeZone -> org.hibernate.type.TimeZoneType@6e46891d
2022-10-15 00:56:27.003 DEBUG 49735 --- [    Test worker] org.hibernate.type.BasicTypeRegistry     : Adding type registration class -> org.hibernate.type.ClassType@2109a691
2022-10-15 00:56:27.003 DEBUG 49735 --- [    Test worker] org.hibernate.type.BasicTypeRegistry     : Adding type registration java.lang.Class -> org.hibernate.type.ClassType@2109a691
2022-10-15 00:56:27.004 DEBUG 49735 --- [    Test worker] org.hibernate.type.BasicTypeRegistry     : Adding type registration uuid-binary -> org.hibernate.type.UUIDBinaryType@79cdf2d4
2022-10-15 00:56:27.004 DEBUG 49735 --- [    Test worker] org.hibernate.type.BasicTypeRegistry     : Adding type registration java.util.UUID -> org.hibernate.type.UUIDBinaryType@79cdf2d4
2022-10-15 00:56:27.005 DEBUG 49735 --- [    Test worker] org.hibernate.type.BasicTypeRegistry     : Adding type registration uuid-char -> org.hibernate.type.UUIDCharType@67d5ac2f
2022-10-15 00:56:27.012 DEBUG 49735 --- [    Test worker] org.hibernate.type.BasicTypeRegistry     : Adding type registration binary -> org.hibernate.type.BinaryType@7dd3981e
2022-10-15 00:56:27.013 DEBUG 49735 --- [    Test worker] org.hibernate.type.BasicTypeRegistry     : Adding type registration byte[] -> org.hibernate.type.BinaryType@7dd3981e
2022-10-15 00:56:27.015 DEBUG 49735 --- [    Test worker] org.hibernate.type.BasicTypeRegistry     : Adding type registration [B -> org.hibernate.type.BinaryType@7dd3981e
2022-10-15 00:56:27.017 DEBUG 49735 --- [    Test worker] org.hibernate.type.BasicTypeRegistry     : Adding type registration wrapper-binary -> org.hibernate.type.WrapperBinaryType@38d42ab7
2022-10-15 00:56:27.017 DEBUG 49735 --- [    Test worker] org.hibernate.type.BasicTypeRegistry     : Adding type registration Byte[] -> org.hibernate.type.WrapperBinaryType@38d42ab7
2022-10-15 00:56:27.017 DEBUG 49735 --- [    Test worker] org.hibernate.type.BasicTypeRegistry     : Adding type registration [Ljava.lang.Byte; -> org.hibernate.type.WrapperBinaryType@38d42ab7
2022-10-15 00:56:27.018 DEBUG 49735 --- [    Test worker] org.hibernate.type.BasicTypeRegistry     : Adding type registration row_version -> org.hibernate.type.RowVersionType@8f6b4ab
2022-10-15 00:56:27.019 DEBUG 49735 --- [    Test worker] org.hibernate.type.BasicTypeRegistry     : Adding type registration image -> org.hibernate.type.ImageType@4bdb04c8
2022-10-15 00:56:27.019 DEBUG 49735 --- [    Test worker] org.hibernate.type.BasicTypeRegistry     : Adding type registration characters -> org.hibernate.type.CharArrayType@7f012923
2022-10-15 00:56:27.019 DEBUG 49735 --- [    Test worker] org.hibernate.type.BasicTypeRegistry     : Adding type registration char[] -> org.hibernate.type.CharArrayType@7f012923
2022-10-15 00:56:27.020 DEBUG 49735 --- [    Test worker] org.hibernate.type.BasicTypeRegistry     : Adding type registration [C -> org.hibernate.type.CharArrayType@7f012923
2022-10-15 00:56:27.022 DEBUG 49735 --- [    Test worker] org.hibernate.type.BasicTypeRegistry     : Adding type registration wrapper-characters -> org.hibernate.type.CharacterArrayType@25b74370
2022-10-15 00:56:27.022 DEBUG 49735 --- [    Test worker] org.hibernate.type.BasicTypeRegistry     : Adding type registration [Ljava.lang.Character; -> org.hibernate.type.CharacterArrayType@25b74370
2022-10-15 00:56:27.022 DEBUG 49735 --- [    Test worker] org.hibernate.type.BasicTypeRegistry     : Adding type registration Character[] -> org.hibernate.type.CharacterArrayType@25b74370
2022-10-15 00:56:27.022 DEBUG 49735 --- [    Test worker] org.hibernate.type.BasicTypeRegistry     : Adding type registration text -> org.hibernate.type.TextType@7f5e6833
2022-10-15 00:56:27.023 DEBUG 49735 --- [    Test worker] org.hibernate.type.BasicTypeRegistry     : Adding type registration ntext -> org.hibernate.type.NTextType@382d549a
2022-10-15 00:56:27.025 DEBUG 49735 --- [    Test worker] org.hibernate.type.BasicTypeRegistry     : Adding type registration blob -> org.hibernate.type.BlobType@131ba005
2022-10-15 00:56:27.025 DEBUG 49735 --- [    Test worker] org.hibernate.type.BasicTypeRegistry     : Adding type registration java.sql.Blob -> org.hibernate.type.BlobType@131ba005
2022-10-15 00:56:27.027 DEBUG 49735 --- [    Test worker] org.hibernate.type.BasicTypeRegistry     : Adding type registration materialized_blob -> org.hibernate.type.MaterializedBlobType@485451d8
2022-10-15 00:56:27.029 DEBUG 49735 --- [    Test worker] org.hibernate.type.BasicTypeRegistry     : Adding type registration clob -> org.hibernate.type.ClobType@7d088813
2022-10-15 00:56:27.030 DEBUG 49735 --- [    Test worker] org.hibernate.type.BasicTypeRegistry     : Adding type registration java.sql.Clob -> org.hibernate.type.ClobType@7d088813
2022-10-15 00:56:27.031 DEBUG 49735 --- [    Test worker] org.hibernate.type.BasicTypeRegistry     : Adding type registration nclob -> org.hibernate.type.NClobType@24405466
2022-10-15 00:56:27.031 DEBUG 49735 --- [    Test worker] org.hibernate.type.BasicTypeRegistry     : Adding type registration java.sql.NClob -> org.hibernate.type.NClobType@24405466
2022-10-15 00:56:27.031 DEBUG 49735 --- [    Test worker] org.hibernate.type.BasicTypeRegistry     : Adding type registration materialized_clob -> org.hibernate.type.MaterializedClobType@21280cbb
2022-10-15 00:56:27.032 DEBUG 49735 --- [    Test worker] org.hibernate.type.BasicTypeRegistry     : Adding type registration materialized_nclob -> org.hibernate.type.MaterializedNClobType@36525ab
2022-10-15 00:56:27.033 DEBUG 49735 --- [    Test worker] org.hibernate.type.BasicTypeRegistry     : Adding type registration serializable -> org.hibernate.type.SerializableType@3dbb3fb7
2022-10-15 00:56:27.036 DEBUG 49735 --- [    Test worker] org.hibernate.type.BasicTypeRegistry     : Adding type registration object -> org.hibernate.type.ObjectType@3a2bb026
2022-10-15 00:56:27.041 DEBUG 49735 --- [    Test worker] org.hibernate.type.BasicTypeRegistry     : Adding type registration java.lang.Object -> org.hibernate.type.ObjectType@3a2bb026
2022-10-15 00:56:27.042 DEBUG 49735 --- [    Test worker] org.hibernate.type.BasicTypeRegistry     : Adding type registration imm_date -> org.hibernate.type.AdaptedImmutableType@756c67cd
2022-10-15 00:56:27.042 DEBUG 49735 --- [    Test worker] org.hibernate.type.BasicTypeRegistry     : Adding type registration imm_time -> org.hibernate.type.AdaptedImmutableType@50de907a
2022-10-15 00:56:27.043 DEBUG 49735 --- [    Test worker] org.hibernate.type.BasicTypeRegistry     : Adding type registration imm_timestamp -> org.hibernate.type.AdaptedImmutableType@1fd37440
2022-10-15 00:56:27.043 DEBUG 49735 --- [    Test worker] org.hibernate.type.BasicTypeRegistry     : Adding type registration imm_dbtimestamp -> org.hibernate.type.AdaptedImmutableType@79308a2
2022-10-15 00:56:27.043 DEBUG 49735 --- [    Test worker] org.hibernate.type.BasicTypeRegistry     : Adding type registration imm_calendar -> org.hibernate.type.AdaptedImmutableType@11574592
2022-10-15 00:56:27.043 DEBUG 49735 --- [    Test worker] org.hibernate.type.BasicTypeRegistry     : Adding type registration imm_calendar_date -> org.hibernate.type.AdaptedImmutableType@352e5a82
2022-10-15 00:56:27.043 DEBUG 49735 --- [    Test worker] org.hibernate.type.BasicTypeRegistry     : Adding type registration imm_binary -> org.hibernate.type.AdaptedImmutableType@315b5913
2022-10-15 00:56:27.043 DEBUG 49735 --- [    Test worker] org.hibernate.type.BasicTypeRegistry     : Adding type registration imm_serializable -> org.hibernate.type.AdaptedImmutableType@2e929182
2022-10-15 00:56:27.121  INFO 49735 --- [    Test worker] com.zaxxer.hikari.HikariDataSource       : HikariPool-1 - Starting...
2022-10-15 00:56:29.327  INFO 49735 --- [    Test worker] com.zaxxer.hikari.HikariDataSource       : HikariPool-1 - Start completed.
2022-10-15 00:56:29.368  INFO 49735 --- [    Test worker] org.hibernate.dialect.Dialect            : HHH000400: Using dialect: org.hibernate.dialect.MySQL8Dialect
2022-10-15 00:56:29.429 DEBUG 49735 --- [    Test worker] o.h.type.spi.TypeConfiguration$Scope     : Scoping TypeConfiguration [org.hibernate.type.spi.TypeConfiguration@c87787d] to MetadataBuildingContext [org.hibernate.boot.internal.MetadataBuildingContextRootImpl@1bea7b0]
2022-10-15 00:56:29.704 DEBUG 49735 --- [    Test worker] org.hibernate.type.EnumType              : Using NAMED-based conversion for Enum com.p2AE.pdf.domain.Role
2022-10-15 00:56:29.707 DEBUG 49735 --- [    Test worker] o.h.type.spi.TypeConfiguration$Scope     : Scoping TypeConfiguration [org.hibernate.type.spi.TypeConfiguration@c87787d] to SessionFactoryImpl [org.hibernate.internal.SessionFactoryImpl@fe13916]
2022-10-15 00:56:30.218 DEBUG 49735 --- [    Test worker] org.hibernate.SQL                        : 
    
    drop table if exists advertise
2022-10-15 00:56:30.491 DEBUG 49735 --- [    Test worker] org.hibernate.SQL                        : 
    
    drop table if exists hibernate_sequence
2022-10-15 00:56:30.840 DEBUG 49735 --- [    Test worker] org.hibernate.SQL                        : 
    
    drop table if exists member
2022-10-15 00:56:30.928 DEBUG 49735 --- [    Test worker] org.hibernate.SQL                        : 
    
    drop table if exists user
2022-10-15 00:56:31.015 DEBUG 49735 --- [    Test worker] org.hibernate.SQL                        : 
    
    create table advertise (
       advertise_id bigint not null,
        member_num integer not null,
        project_detail varchar(255),
        project_type varchar(255),
        primary key (advertise_id)
    ) engine=InnoDB
2022-10-15 00:56:31.456 DEBUG 49735 --- [    Test worker] org.hibernate.SQL                        : 
    
    create table hibernate_sequence (
       next_val bigint
    ) engine=InnoDB
2022-10-15 00:56:31.536 DEBUG 49735 --- [    Test worker] org.hibernate.SQL                        : 
    
    insert into hibernate_sequence values ( 1 )
2022-10-15 00:56:31.922 DEBUG 49735 --- [    Test worker] org.hibernate.SQL                        : 
    
    create table member (
       member_id bigint not null,
        access_token varchar(255),
        email varchar(255),
        nick_name varchar(255),
        refresh_token varchar(255),
        primary key (member_id)
    ) engine=InnoDB
2022-10-15 00:56:32.009 DEBUG 49735 --- [    Test worker] org.hibernate.SQL                        : 
    
    create table user (
       id bigint not null auto_increment,
        email varchar(255) not null,
        name varchar(255) not null,
        picture varchar(255),
        role varchar(255) not null,
        primary key (id)
    ) engine=InnoDB
2022-10-15 00:56:32.388  INFO 49735 --- [    Test worker] o.h.e.t.j.p.i.JtaPlatformInitiator       : HHH000490: Using JtaPlatform implementation: [org.hibernate.engine.transaction.jta.platform.internal.NoJtaPlatform]
2022-10-15 00:56:32.409 TRACE 49735 --- [    Test worker] o.h.type.spi.TypeConfiguration$Scope     : Handling #sessionFactoryCreated from [org.hibernate.internal.SessionFactoryImpl@fe13916] for TypeConfiguration
2022-10-15 00:56:32.411  INFO 49735 --- [    Test worker] j.LocalContainerEntityManagerFactoryBean : Initialized JPA EntityManagerFactory for persistence unit 'default'
2022-10-15 00:56:33.436  WARN 49735 --- [    Test worker] JpaBaseConfiguration$JpaWebConfiguration : spring.jpa.open-in-view is enabled by default. Therefore, database queries may be performed during view rendering. Explicitly configure spring.jpa.open-in-view to disable this warning
2022-10-15 00:56:34.864  INFO 49735 --- [    Test worker] c.p.pdf.controller.HelloControllerTest   : Started HelloControllerTest in 13.763 seconds (JVM running for 18.027)
]]></system-out>
  <system-err><![CDATA[]]></system-err>
</testsuite>
